2150, 122803, 1, 0, 0
3000, 683045, 1, 0, 0
4000, 378413, 1, 0, 0
5000, 337894, 1, 0, 0
6000, 393038, 1, 0, 0
7000, 397727, 1, 0, 0
8001, 530581, 1, 0, 0
9015, 902977, 1, 0, 0
10000, 566463, 1, 0, 0
11000, 393960, 1, 0, 0
12000, 435072, 1, 0, 0
13000, 426939, 1, 0, 0
14000, 415254, 1, 0, 0
15000, 425966, 1, 0, 0
16000, 401903, 1, 0, 0
17000, 428181, 1, 0, 0
18000, 384770, 1, 0, 0
19000, 429540, 1, 0, 0
20000, 406146, 1, 0, 0
21000, 495468, 1, 0, 0
22000, 425746, 1, 0, 0
23000, 336797, 1, 0, 0
24000, 472902, 1, 0, 0
25000, 432361, 1, 0, 0
26000, 509503, 1, 0, 0
27000, 388126, 1, 0, 0
28000, 432564, 1, 0, 0
29000, 453342, 1, 0, 0
30000, 583546, 1, 0, 0
31000, 808951, 1, 0, 0
32000, 737373, 1, 0, 0
33000, 866148, 1, 0, 0
34000, 835534, 1, 0, 0
35034, 884530, 1, 0, 0
36002, 697744, 1, 0, 0
37001, 943332, 1, 0, 0
38000, 770612, 1, 0, 0
39000, 808589, 1, 0, 0
40001, 602650, 1, 0, 0
41000, 747373, 1, 0, 0
42000, 639250, 1, 0, 0
43000, 636282, 1, 0, 0
44000, 693493, 1, 0, 0
45000, 504007, 1, 0, 0
46000, 680906, 1, 0, 0
47000, 498421, 1, 0, 0
48000, 496587, 1, 0, 0
49000, 575788, 1, 0, 0
50000, 461717, 1, 0, 0
51000, 497598, 1, 0, 0
52000, 549217, 1, 0, 0
53000, 541455, 1, 0, 0
54000, 476484, 1, 0, 0
55000, 398770, 1, 0, 0
56000, 512472, 1, 0, 0
57000, 529968, 1, 0, 0
58000, 533742, 1, 0, 0
59000, 639035, 1, 0, 0
60000, 492022, 1, 0, 0
61000, 446803, 1, 0, 0
62000, 646816, 1, 0, 0
63003, 599863, 1, 0, 0
64000, 593627, 1, 0, 0
65002, 633454, 1, 0, 0
66000, 483505, 1, 0, 0
67000, 526455, 1, 0, 0
68001, 689117, 1, 0, 0
69011, 611380, 1, 0, 0
70000, 687735, 1, 0, 0
71000, 469615, 1, 0, 0
72000, 509697, 1, 0, 0
73004, 567753, 1, 0, 0
74000, 387393, 1, 0, 0
75000, 343983, 1, 0, 0
76000, 386153, 1, 0, 0
77000, 492101, 1, 0, 0
78000, 435022, 1, 0, 0
79000, 613203, 1, 0, 0
80001, 588914, 1, 0, 0
81000, 473790, 1, 0, 0
82000, 462430, 1, 0, 0
83001, 393860, 1, 0, 0
84000, 429004, 1, 0, 0
85000, 444746, 1, 0, 0
86000, 376357, 1, 0, 0
87000, 397905, 1, 0, 0
88002, 425700, 1, 0, 0
89000, 459419, 1, 0, 0
90000, 394299, 1, 0, 0
91003, 437475, 1, 0, 0
92001, 443911, 1, 0, 0
93000, 456318, 1, 0, 0
94000, 358256, 1, 0, 0
95000, 413376, 1, 0, 0
96000, 484611, 1, 0, 0
97000, 382737, 1, 0, 0
98000, 383486, 1, 0, 0
99000, 360980, 1, 0, 0
100000, 475276, 1, 0, 0
101000, 385521, 1, 0, 0
102000, 410260, 1, 0, 0
103000, 398215, 1, 0, 0
104000, 340721, 1, 0, 0
105000, 316445, 1, 0, 0
106000, 300233, 1, 0, 0
107000, 287818, 1, 0, 0
108000, 305516, 1, 0, 0
109000, 355431, 1, 0, 0
110000, 409260, 1, 0, 0
111000, 417652, 1, 0, 0
112000, 459510, 1, 0, 0
113000, 380190, 1, 0, 0
114000, 529990, 1, 0, 0
115000, 433379, 1, 0, 0
116000, 440651, 1, 0, 0
117000, 370590, 1, 0, 0
118000, 401136, 1, 0, 0
119000, 453882, 1, 0, 0
120000, 330877, 1, 0, 0
121000, 460234, 1, 0, 0
122000, 405769, 1, 0, 0
123000, 415822, 1, 0, 0
124000, 468794, 1, 0, 0
125000, 448336, 1, 0, 0
126001, 448892, 1, 0, 0
127000, 428066, 1, 0, 0
128000, 493177, 1, 0, 0
129000, 385682, 1, 0, 0
130000, 386228, 1, 0, 0
131000, 424240, 1, 0, 0
132000, 405584, 1, 0, 0
133000, 438544, 1, 0, 0
134000, 359621, 1, 0, 0
135000, 375148, 1, 0, 0
136001, 474514, 1, 0, 0
137000, 422314, 1, 0, 0
138000, 376655, 1, 0, 0
139000, 439868, 1, 0, 0
140016, 429520, 1, 0, 0
141000, 505463, 1, 0, 0
142000, 393927, 1, 0, 0
143000, 366280, 1, 0, 0
144000, 396727, 1, 0, 0
145000, 371229, 1, 0, 0
146000, 409287, 1, 0, 0
147000, 357004, 1, 0, 0
148000, 502004, 1, 0, 0
149000, 414567, 1, 0, 0
150000, 391674, 1, 0, 0
151000, 514068, 1, 0, 0
152000, 415189, 1, 0, 0
153000, 431859, 1, 0, 0
154000, 384237, 1, 0, 0
155000, 577951, 1, 0, 0
156000, 419407, 1, 0, 0
157000, 424217, 1, 0, 0
158000, 375302, 1, 0, 0
159000, 374927, 1, 0, 0
160000, 424896, 1, 0, 0
161000, 375848, 1, 0, 0
162000, 437866, 1, 0, 0
163001, 385997, 1, 0, 0
164000, 336739, 1, 0, 0
165000, 425962, 1, 0, 0
166000, 405389, 1, 0, 0
167000, 577535, 1, 0, 0
168000, 307301, 1, 0, 0
169000, 348045, 1, 0, 0
170001, 366171, 1, 0, 0
171000, 365145, 1, 0, 0
172000, 291422, 1, 0, 0
173000, 292173, 1, 0, 0
174000, 296350, 1, 0, 0
175001, 326169, 1, 0, 0
176000, 324134, 1, 0, 0
177000, 306874, 1, 0, 0
178000, 299294, 1, 0, 0
179000, 355231, 1, 0, 0
180000, 324731, 1, 0, 0
181000, 384206, 1, 0, 0
182000, 384460, 1, 0, 0
183000, 488701, 1, 0, 0
184000, 423769, 1, 0, 0
185000, 404765, 1, 0, 0
186000, 405279, 1, 0, 0
187000, 400791, 1, 0, 0
188000, 548866, 1, 0, 0
189000, 415712, 1, 0, 0
190003, 424974, 1, 0, 0
191000, 368721, 1, 0, 0
192000, 382132, 1, 0, 0
193000, 388163, 1, 0, 0
194000, 408029, 1, 0, 0
195000, 357356, 1, 0, 0
196000, 317218, 1, 0, 0
197000, 389208, 1, 0, 0
198000, 334242, 1, 0, 0
199000, 296764, 1, 0, 0
200000, 296957, 1, 0, 0
201000, 300447, 1, 0, 0
202000, 332419, 1, 0, 0
203000, 434059, 1, 0, 0
204000, 436919, 1, 0, 0
205000, 400497, 1, 0, 0
206000, 430083, 1, 0, 0
207000, 434594, 1, 0, 0
208000, 423487, 1, 0, 0
209000, 397696, 1, 0, 0
210005, 346177, 1, 0, 0
211000, 543989, 1, 0, 0
212000, 456279, 1, 0, 0
213000, 586520, 1, 0, 0
214000, 465734, 1, 0, 0
215000, 474871, 1, 0, 0
216000, 469458, 1, 0, 0
217000, 418599, 1, 0, 0
218000, 454040, 1, 0, 0
219000, 370469, 1, 0, 0
220000, 385992, 1, 0, 0
221000, 420764, 1, 0, 0
222000, 373554, 1, 0, 0
223000, 437975, 1, 0, 0
224000, 386526, 1, 0, 0
225000, 402043, 1, 0, 0
226000, 341573, 1, 0, 0
227000, 302693, 1, 0, 0
228000, 355885, 1, 0, 0
229000, 322056, 1, 0, 0
230000, 280212, 1, 0, 0
231000, 300007, 1, 0, 0
232000, 360230, 1, 0, 0
233000, 415447, 1, 0, 0
234000, 369573, 1, 0, 0
235000, 371307, 1, 0, 0
236000, 547499, 1, 0, 0
237000, 361336, 1, 0, 0
238000, 364059, 1, 0, 0
239000, 409726, 1, 0, 0
240000, 448238, 1, 0, 0
241000, 413869, 1, 0, 0
242000, 364727, 1, 0, 0
243000, 413384, 1, 0, 0
244000, 381257, 1, 0, 0
245000, 395300, 1, 0, 0
246000, 420931, 1, 0, 0
247000, 398494, 1, 0, 0
248000, 411496, 1, 0, 0
249000, 389657, 1, 0, 0
250000, 421670, 1, 0, 0
251000, 390760, 1, 0, 0
252000, 431460, 1, 0, 0
253000, 468084, 1, 0, 0
254000, 406211, 1, 0, 0
255015, 435533, 1, 0, 0
256000, 496496, 1, 0, 0
257000, 326031, 1, 0, 0
258000, 292277, 1, 0, 0
259000, 384356, 1, 0, 0
260000, 295609, 1, 0, 0
261000, 277307, 1, 0, 0
262000, 296739, 1, 0, 0
263000, 278930, 1, 0, 0
264001, 410091, 1, 0, 0
265004, 458267, 1, 0, 0
266004, 664915, 1, 0, 0
267007, 556917, 1, 0, 0
268000, 474170, 1, 0, 0
269000, 592814, 1, 0, 0
270000, 558823, 1, 0, 0
271004, 673143, 1, 0, 0
272004, 677235, 1, 0, 0
273001, 999905, 1, 0, 0
274005, 633179, 1, 0, 0
275000, 672771, 1, 0, 0
276000, 585060, 1, 0, 0
277001, 659731, 1, 0, 0
278000, 595618, 1, 0, 0
279001, 542725, 1, 0, 0
280000, 431661, 1, 0, 0
281000, 423421, 1, 0, 0
282000, 331331, 1, 0, 0
283001, 350493, 1, 0, 0
284000, 338538, 1, 0, 0
285000, 285731, 1, 0, 0
286000, 342737, 1, 0, 0
287000, 303617, 1, 0, 0
288000, 303048, 1, 0, 0
289000, 307500, 1, 0, 0
290000, 344140, 1, 0, 0
291000, 310677, 1, 0, 0
292000, 324257, 1, 0, 0
293000, 511231, 1, 0, 0
294002, 487712, 1, 0, 0
295000, 598465, 1, 0, 0
296000, 421563, 1, 0, 0
297000, 455967, 1, 0, 0
298000, 477402, 1, 0, 0
299000, 478413, 1, 0, 0
300000, 476747, 1, 0, 0
300000, 462632, 1, 0, 0
