1010, 697221, 1, 0, 0
2001, 769353, 1, 0, 0
3000, 366090, 1, 0, 0
4006, 486952, 1, 0, 0
5001, 670091, 1, 0, 0
6003, 655491, 1, 0, 0
7003, 1164762, 1, 0, 0
8000, 963042, 1, 0, 0
9000, 880140, 1, 0, 0
10000, 881329, 1, 0, 0
11000, 699980, 1, 0, 0
12001, 671252, 1, 0, 0
13002, 727058, 1, 0, 0
14000, 496651, 1, 0, 0
15000, 600533, 1, 0, 0
16000, 465864, 1, 0, 0
17006, 497362, 1, 0, 0
18009, 674243, 1, 0, 0
19000, 583342, 1, 0, 0
20000, 667445, 1, 0, 0
21000, 598039, 1, 0, 0
22000, 625561, 1, 0, 0
23003, 879539, 1, 0, 0
24005, 919756, 1, 0, 0
25002, 700236, 1, 0, 0
26000, 745787, 1, 0, 0
27000, 654069, 1, 0, 0
28000, 618074, 1, 0, 0
29000, 646027, 1, 0, 0
30000, 723646, 1, 0, 0
31000, 803804, 1, 0, 0
32001, 863505, 1, 0, 0
33007, 723710, 1, 0, 0
34000, 577392, 1, 0, 0
35005, 655128, 1, 0, 0
36000, 651731, 1, 0, 0
37004, 753619, 1, 0, 0
38000, 623150, 1, 0, 0
39001, 739689, 1, 0, 0
40000, 751175, 1, 0, 0
41000, 582262, 1, 0, 0
42000, 612653, 1, 0, 0
43000, 578968, 1, 0, 0
44000, 620205, 1, 0, 0
45000, 716340, 1, 0, 0
46000, 721691, 1, 0, 0
47004, 905363, 1, 0, 0
48000, 575812, 1, 0, 0
49000, 679564, 1, 0, 0
50000, 635815, 1, 0, 0
51000, 627173, 1, 0, 0
52000, 774807, 1, 0, 0
53001, 830324, 1, 0, 0
54002, 623897, 1, 0, 0
55001, 709342, 1, 0, 0
56000, 607850, 1, 0, 0
57000, 724855, 1, 0, 0
58000, 626301, 1, 0, 0
59000, 601755, 1, 0, 0
60000, 530113, 1, 0, 0
61013, 802810, 1, 0, 0
62000, 664516, 1, 0, 0
63001, 595874, 1, 0, 0
64000, 728925, 1, 0, 0
65000, 589493, 1, 0, 0
66000, 593194, 1, 0, 0
67000, 622762, 1, 0, 0
68000, 747717, 1, 0, 0
69000, 629588, 1, 0, 0
70001, 614834, 1, 0, 0
71000, 517637, 1, 0, 0
72000, 651602, 1, 0, 0
73000, 646498, 1, 0, 0
74000, 378735, 1, 0, 0
75000, 611247, 1, 0, 0
76000, 470005, 1, 0, 0
77000, 314620, 1, 0, 0
78000, 310700, 1, 0, 0
79000, 305583, 1, 0, 0
80000, 299466, 1, 0, 0
81000, 296893, 1, 0, 0
82000, 346450, 1, 0, 0
83000, 280840, 1, 0, 0
84000, 343538, 1, 0, 0
85000, 364332, 1, 0, 0
86000, 462468, 1, 0, 0
87000, 328334, 1, 0, 0
88000, 302745, 1, 0, 0
89000, 436968, 1, 0, 0
90000, 356386, 1, 0, 0
91000, 359455, 1, 0, 0
92008, 472217, 1, 0, 0
93003, 758256, 1, 0, 0
94002, 695774, 1, 0, 0
95005, 771416, 1, 0, 0
96000, 754736, 1, 0, 0
97003, 797692, 1, 0, 0
98000, 601272, 1, 0, 0
99000, 677965, 1, 0, 0
100002, 606825, 1, 0, 0
101000, 457328, 1, 0, 0
102000, 496741, 1, 0, 0
103000, 505676, 1, 0, 0
104000, 342925, 1, 0, 0
105000, 642319, 1, 0, 0
106000, 421143, 1, 0, 0
107000, 387873, 1, 0, 0
108000, 452502, 1, 0, 0
109000, 463209, 1, 0, 0
110000, 499942, 1, 0, 0
111000, 443673, 1, 0, 0
112000, 604617, 1, 0, 0
113000, 409606, 1, 0, 0
114000, 422263, 1, 0, 0
115000, 512978, 1, 0, 0
116000, 612245, 1, 0, 0
117000, 433360, 1, 0, 0
118002, 422486, 1, 0, 0
119000, 428000, 1, 0, 0
120000, 451470, 1, 0, 0
121000, 484030, 1, 0, 0
122000, 346585, 1, 0, 0
123000, 396367, 1, 0, 0
124000, 375405, 1, 0, 0
125000, 324403, 1, 0, 0
126000, 372904, 1, 0, 0
127000, 444775, 1, 0, 0
128000, 455283, 1, 0, 0
129001, 413747, 1, 0, 0
130000, 475885, 1, 0, 0
131000, 485435, 1, 0, 0
132000, 290766, 1, 0, 0
133000, 455846, 1, 0, 0
134000, 483237, 1, 0, 0
135000, 453781, 1, 0, 0
136000, 353569, 1, 0, 0
137000, 310637, 1, 0, 0
138000, 331253, 1, 0, 0
139000, 374315, 1, 0, 0
140000, 531968, 1, 0, 0
141000, 640914, 1, 0, 0
142000, 573926, 1, 0, 0
143003, 603860, 1, 0, 0
144000, 841902, 1, 0, 0
145005, 817067, 1, 0, 0
146000, 686561, 1, 0, 0
147000, 600180, 1, 0, 0
148001, 519741, 1, 0, 0
149001, 678747, 1, 0, 0
150000, 647425, 1, 0, 0
151000, 768022, 1, 0, 0
152000, 735265, 1, 0, 0
153000, 693993, 1, 0, 0
154000, 450074, 1, 0, 0
155000, 402774, 1, 0, 0
156000, 490519, 1, 0, 0
157000, 462878, 1, 0, 0
158000, 511157, 1, 0, 0
159000, 415641, 1, 0, 0
160000, 426787, 1, 0, 0
161000, 456793, 1, 0, 0
162000, 451246, 1, 0, 0
163000, 509264, 1, 0, 0
164001, 472543, 1, 0, 0
165000, 429814, 1, 0, 0
166001, 427551, 1, 0, 0
167000, 492702, 1, 0, 0
168000, 439314, 1, 0, 0
169000, 457310, 1, 0, 0
170000, 400275, 1, 0, 0
171000, 435536, 1, 0, 0
172000, 370585, 1, 0, 0
173000, 315175, 1, 0, 0
174000, 295657, 1, 0, 0
175000, 397866, 1, 0, 0
176000, 320757, 1, 0, 0
177000, 349381, 1, 0, 0
178000, 411397, 1, 0, 0
179000, 549262, 1, 0, 0
180000, 386176, 1, 0, 0
181000, 525861, 1, 0, 0
182000, 495732, 1, 0, 0
183000, 524763, 1, 0, 0
184000, 464405, 1, 0, 0
185000, 471206, 1, 0, 0
186000, 425962, 1, 0, 0
187000, 438906, 1, 0, 0
188000, 466841, 1, 0, 0
189000, 436206, 1, 0, 0
190000, 466645, 1, 0, 0
191000, 433943, 1, 0, 0
192000, 431383, 1, 0, 0
193000, 453687, 1, 0, 0
194000, 405521, 1, 0, 0
195000, 440371, 1, 0, 0
196002, 442649, 1, 0, 0
197003, 441488, 1, 0, 0
198000, 462651, 1, 0, 0
199001, 374464, 1, 0, 0
200000, 419598, 1, 0, 0
201001, 399331, 1, 0, 0
202002, 452264, 1, 0, 0
203002, 432710, 1, 0, 0
204000, 406986, 1, 0, 0
205002, 427860, 1, 0, 0
206000, 415523, 1, 0, 0
207000, 438777, 1, 0, 0
208003, 408770, 1, 0, 0
209000, 463214, 1, 0, 0
210000, 489990, 1, 0, 0
211000, 486263, 1, 0, 0
212000, 462897, 1, 0, 0
213004, 435530, 1, 0, 0
214002, 399317, 1, 0, 0
215000, 431889, 1, 0, 0
216000, 370514, 1, 0, 0
217000, 316555, 1, 0, 0
218000, 284832, 1, 0, 0
219000, 394494, 1, 0, 0
220000, 330259, 1, 0, 0
221006, 434893, 1, 0, 0
222001, 553308, 1, 0, 0
223000, 439186, 1, 0, 0
224000, 501130, 1, 0, 0
225018, 486133, 1, 0, 0
226000, 774918, 1, 0, 0
227000, 469131, 1, 0, 0
228001, 454468, 1, 0, 0
229000, 487917, 1, 0, 0
230013, 446840, 1, 0, 0
231000, 406188, 1, 0, 0
232000, 346852, 1, 0, 0
233000, 324681, 1, 0, 0
234000, 329479, 1, 0, 0
235001, 359598, 1, 0, 0
236000, 403452, 1, 0, 0
237000, 336199, 1, 0, 0
238000, 339104, 1, 0, 0
239001, 376750, 1, 0, 0
240000, 356575, 1, 0, 0
241000, 364518, 1, 0, 0
242000, 326046, 1, 0, 0
243000, 381920, 1, 0, 0
244000, 335664, 1, 0, 0
245000, 353948, 1, 0, 0
246000, 264886, 1, 0, 0
247000, 356350, 1, 0, 0
248000, 280541, 1, 0, 0
249000, 257445, 1, 0, 0
250000, 267074, 1, 0, 0
251000, 267293, 1, 0, 0
252000, 261061, 1, 0, 0
253000, 263533, 1, 0, 0
254000, 299279, 1, 0, 0
255041, 344635, 1, 0, 0
256000, 425219, 1, 0, 0
257000, 349771, 1, 0, 0
258000, 400154, 1, 0, 0
259000, 357058, 1, 0, 0
260000, 370699, 1, 0, 0
261000, 332874, 1, 0, 0
262000, 323665, 1, 0, 0
263000, 281497, 1, 0, 0
264000, 309588, 1, 0, 0
265000, 318133, 1, 0, 0
266000, 310275, 1, 0, 0
267000, 286211, 1, 0, 0
268000, 297093, 1, 0, 0
269000, 326332, 1, 0, 0
270000, 605913, 1, 0, 0
271000, 315833, 1, 0, 0
272000, 326850, 1, 0, 0
273000, 293166, 1, 0, 0
274000, 322356, 1, 0, 0
275000, 347205, 1, 0, 0
276000, 406384, 1, 0, 0
277000, 335115, 1, 0, 0
278000, 335029, 1, 0, 0
279000, 433367, 1, 0, 0
280000, 396894, 1, 0, 0
281000, 427188, 1, 0, 0
282000, 351390, 1, 0, 0
283000, 319043, 1, 0, 0
284000, 312597, 1, 0, 0
285000, 320063, 1, 0, 0
286000, 292594, 1, 0, 0
287000, 301968, 1, 0, 0
288000, 309560, 1, 0, 0
289000, 321836, 1, 0, 0
290000, 294083, 1, 0, 0
291000, 323986, 1, 0, 0
292000, 297034, 1, 0, 0
293000, 329914, 1, 0, 0
294000, 297206, 1, 0, 0
295000, 298185, 1, 0, 0
296000, 293391, 1, 0, 0
297000, 302370, 1, 0, 0
298000, 304461, 1, 0, 0
299000, 283423, 1, 0, 0
300000, 307934, 1, 0, 0
300000, 266330, 1, 0, 0
